SF:lib/widgets/widgets.dart
DA:4,4
DA:6,3
DA:8,3
DA:10,3
DA:32,4
DA:34,3
DA:35,6
DA:37,1
DA:38,2
DA:41,2
DA:42,2
DA:45,1
DA:46,1
DA:49,1
DA:50,1
DA:53,1
DA:55,3
DA:60,15
DA:62,3
DA:63,3
DA:65,3
DA:66,3
DA:68,3
DA:80,3
DA:82,3
DA:84,3
DA:86,3
DA:87,3
DA:88,0
DA:89,3
DA:93,3
DA:94,3
DA:95,3
DA:107,3
DA:108,3
DA:110,3
DA:113,3
DA:114,3
DA:115,4
DA:116,3
DA:130,3
DA:131,2
DA:132,3
DA:146,3
DA:148,3
DA:150,3
DA:151,3
DA:165,3
DA:176,2
DA:179,3
DA:190,2
DA:193,3
LF:52
LH:51
end_of_record
SF:lib/models/cart_item.dart
DA:10,1
LF:1
LH:1
end_of_record
SF:lib/providers/cart_provider.dart
DA:7,6
DA:9,3
DA:11,1
DA:13,3
DA:14,4
DA:19,1
DA:28,3
DA:29,1
DA:30,2
DA:31,6
DA:33,1
DA:36,1
DA:37,4
DA:39,3
DA:40,3
DA:50,1
DA:53,1
DA:54,2
DA:55,1
DA:58,1
DA:59,2
DA:60,1
DA:63,1
DA:64,2
DA:66,2
DA:67,1
DA:71,1
DA:72,2
DA:74,2
DA:75,2
DA:76,2
DA:78,1
LF:32
LH:32
end_of_record
SF:lib/views/about_us.dart
DA:5,2
DA:7,1
LF:2
LH:2
end_of_record
SF:lib/views/authentication_page.dart
DA:5,2
DA:7,1
DA:12,1
DA:14,1
DA:16,1
DA:18,1
DA:19,1
DA:24,0
DA:29,1
DA:35,0
DA:40,1
DA:41,0
DA:43,0
DA:44,0
DA:45,0
LF:15
LH:9
end_of_record
SF:lib/views/cart.dart
DA:6,2
DA:8,1
DA:10,1
DA:11,3
DA:12,1
DA:14,1
DA:15,1
DA:19,1
DA:20,2
DA:21,1
DA:24,1
DA:25,1
DA:27,1
DA:28,1
DA:30,1
DA:31,1
DA:32,1
DA:33,1
DA:34,2
DA:35,2
DA:37,1
DA:39,1
DA:40,1
DA:41,1
DA:42,1
DA:43,1
DA:46,1
DA:47,1
DA:48,1
DA:50,1
DA:52,1
DA:53,1
DA:54,1
DA:55,1
DA:56,1
DA:60,2
DA:63,1
DA:67,1
DA:68,1
DA:71,1
DA:72,2
DA:73,2
DA:74,1
DA:78,4
DA:79,2
DA:80,1
DA:81,1
DA:83,1
DA:86,1
DA:88,1
DA:89,1
DA:90,1
DA:93,1
DA:95,1
DA:97,1
DA:99,1
DA:101,0
DA:102,0
DA:103,0
DA:110,3
DA:112,2
DA:113,1
DA:118,1
DA:121,1
DA:123,1
DA:129,0
DA:130,0
DA:131,0
DA:139,1
DA:140,5
DA:141,2
DA:142,1
DA:152,1
DA:153,3
DA:167,2
DA:171,1
DA:173,1
DA:174,1
DA:176,1
DA:180,4
DA:181,3
DA:186,1
DA:187,1
DA:189,1
DA:190,1
DA:192,1
DA:193,1
DA:197,0
DA:198,0
DA:204,1
DA:206,1
DA:207,1
DA:208,1
DA:209,2
LF:94
LH:86
end_of_record
SF:lib/views/collections.dart
DA:6,2
DA:8,1
DA:10,1
DA:12,1
DA:13,1
DA:15,1
DA:17,1
DA:20,1
DA:21,1
DA:22,1
DA:23,0
DA:24,0
DA:26,1
DA:28,1
DA:31,0
DA:41,1
DA:42,1
DA:43,0
DA:44,0
DA:46,1
DA:48,1
DA:51,0
LF:22
LH:16
end_of_record
SF:lib/views/home_page.dart
DA:13,0
DA:15,1
DA:17,1
DA:18,2
DA:19,1
DA:22,1
DA:23,1
DA:30,1
DA:31,1
DA:32,0
DA:33,1
DA:34,1
DA:35,1
DA:36,0
DA:44,3
DA:46,1
DA:47,2
DA:50,1
DA:51,1
DA:54,0
DA:58,1
DA:59,1
DA:62,1
DA:63,1
DA:66,1
DA:67,1
DA:70,1
DA:72,1
DA:74,1
DA:75,1
DA:76,1
DA:78,1
DA:81,1
DA:82,1
DA:84,1
DA:85,1
DA:94,1
DA:95,1
DA:96,1
DA:102,1
DA:106,1
DA:108,1
DA:119,1
DA:120,1
DA:121,1
DA:123,1
DA:143,1
DA:145,1
DA:147,1
DA:148,1
DA:158,1
DA:162,4
LF:52
LH:48
end_of_record
SF:lib/views/product_page.dart
DA:12,2
DA:22,2
DA:23,2
DA:31,0
DA:33,0
DA:38,0
DA:39,0
DA:41,0
DA:42,0
DA:43,0
DA:44,0
DA:45,0
DA:46,0
DA:47,0
DA:49,0
DA:52,0
DA:53,0
DA:57,2
DA:59,2
DA:61,2
DA:62,2
DA:65,2
DA:67,2
DA:69,2
DA:70,2
DA:71,2
DA:72,4
DA:76,4
DA:78,2
DA:90,2
DA:91,4
DA:96,2
DA:97,4
DA:107,2
DA:108,2
DA:110,2
DA:111,2
DA:113,2
DA:117,2
DA:118,2
DA:120,0
DA:121,0
DA:123,2
DA:124,4
DA:125,4
DA:126,2
DA:134,2
DA:135,2
DA:137,2
DA:141,2
DA:142,2
DA:144,0
DA:146,0
DA:148,2
DA:149,4
DA:150,4
DA:151,2
DA:160,2
DA:162,2
DA:164,2
DA:168,2
DA:169,2
DA:171,0
DA:173,0
DA:175,6
DA:176,6
DA:177,4
DA:178,2
DA:189,2
DA:191,2
DA:192,2
DA:193,2
DA:207,2
DA:208,4
LF:74
LH:54
end_of_record
SF:lib/views/products_page.dart
DA:7,2
DA:9,0
DA:11,0
DA:13,0
DA:14,0
DA:15,0
DA:16,0
DA:18,0
DA:20,0
DA:21,0
DA:31,0
DA:35,0
DA:90,2
DA:98,1
DA:100,1
DA:101,0
DA:102,0
DA:104,0
DA:105,0
DA:106,0
DA:107,0
DA:108,0
DA:109,0
DA:114,1
DA:116,1
DA:117,1
DA:118,1
DA:119,1
DA:121,1
DA:122,1
DA:123,1
DA:131,1
DA:133,1
DA:135,1
DA:136,1
DA:141,1
DA:142,1
LF:37
LH:18
end_of_record
