SF:lib/views/home_page.dart
DA:13,1
DA:15,1
DA:17,1
DA:18,0
DA:19,1
DA:22,1
DA:23,1
DA:30,1
DA:31,0
DA:32,0
DA:33,0
DA:34,0
DA:35,0
DA:36,0
DA:44,2
DA:46,0
DA:47,0
DA:50,0
DA:51,0
DA:54,0
DA:58,0
DA:59,0
DA:62,0
DA:63,0
DA:66,0
DA:67,0
DA:70,1
DA:72,1
DA:74,1
DA:75,1
DA:76,1
DA:78,1
DA:81,1
DA:82,1
DA:84,1
DA:85,1
DA:94,1
DA:95,1
DA:96,1
DA:102,1
DA:106,1
DA:108,1
DA:119,1
DA:120,0
DA:121,0
DA:123,1
DA:143,1
DA:145,1
DA:147,1
DA:148,1
DA:158,1
DA:162,4
DA:165,1
DA:166,1
DA:174,1
DA:182,1
DA:190,1
LF:57
LH:37
end_of_record
SF:lib/models/cart_item.dart
DA:10,0
LF:1
LH:0
end_of_record
SF:lib/providers/cart_provider.dart
DA:7,0
DA:9,0
DA:11,0
DA:13,0
DA:14,0
DA:19,0
DA:28,0
DA:29,0
DA:30,0
DA:31,0
DA:33,0
DA:36,0
DA:37,0
DA:39,0
DA:40,0
DA:50,0
DA:53,0
DA:54,0
DA:55,0
DA:58,0
DA:59,0
DA:60,0
DA:63,0
DA:64,0
DA:66,0
DA:67,0
DA:71,0
DA:72,0
DA:74,0
DA:75,0
DA:76,0
DA:78,0
LF:32
LH:0
end_of_record
SF:lib/views/about_us.dart
DA:5,2
DA:7,0
LF:2
LH:1
end_of_record
SF:lib/widgets/widgets.dart
DA:4,4
DA:6,2
DA:8,2
DA:10,2
DA:32,4
DA:34,2
DA:35,4
DA:37,0
DA:38,0
DA:41,0
DA:42,0
DA:45,0
DA:46,0
DA:49,0
DA:50,0
DA:53,0
DA:55,2
DA:60,10
DA:62,2
DA:63,2
DA:65,2
DA:66,2
DA:68,2
DA:80,2
DA:82,2
DA:84,2
DA:86,2
DA:87,2
DA:88,0
DA:89,2
DA:93,2
DA:94,2
DA:95,2
DA:107,2
DA:108,2
DA:110,2
DA:113,2
DA:114,2
DA:115,0
DA:116,2
DA:130,2
DA:131,0
DA:132,2
DA:146,2
DA:148,2
DA:150,2
DA:151,2
DA:165,2
DA:176,0
DA:179,2
DA:190,0
DA:193,2
LF:52
LH:38
end_of_record
SF:lib/views/authentication_page.dart
DA:5,2
DA:7,0
DA:12,0
DA:14,0
DA:16,0
DA:18,0
DA:19,0
DA:24,0
DA:29,0
DA:35,0
DA:40,0
DA:41,0
DA:43,0
DA:44,0
DA:45,0
LF:15
LH:1
end_of_record
SF:lib/views/cart.dart
DA:6,2
DA:8,0
DA:10,0
DA:11,0
DA:12,0
DA:14,0
DA:15,0
DA:19,0
DA:20,0
DA:21,0
DA:24,0
DA:25,0
DA:27,0
DA:28,0
DA:30,0
DA:31,0
DA:32,0
DA:33,0
DA:34,0
DA:35,0
DA:37,0
DA:39,0
DA:40,0
DA:41,0
DA:42,0
DA:43,0
DA:46,0
DA:47,0
DA:48,0
DA:50,0
DA:52,0
DA:53,0
DA:54,0
DA:55,0
DA:56,0
DA:60,0
DA:63,0
DA:67,0
DA:68,0
DA:71,0
DA:72,0
DA:73,0
DA:74,0
DA:78,0
DA:79,0
DA:80,0
DA:81,0
DA:83,0
DA:86,0
DA:88,0
DA:89,0
DA:90,0
DA:93,0
DA:95,0
DA:97,0
DA:99,0
DA:101,0
DA:102,0
DA:103,0
DA:110,0
DA:112,0
DA:113,0
DA:118,0
DA:121,0
DA:123,0
DA:129,0
DA:130,0
DA:131,0
DA:139,0
DA:140,0
DA:141,0
DA:142,0
DA:152,0
DA:153,0
DA:167,0
DA:171,0
DA:173,0
DA:174,0
DA:176,0
DA:180,0
DA:181,0
DA:186,0
DA:187,0
DA:189,0
DA:190,0
DA:192,0
DA:193,0
DA:197,0
DA:198,0
DA:204,0
DA:206,0
DA:207,0
DA:208,0
DA:209,0
LF:94
LH:1
end_of_record
SF:lib/views/collections.dart
DA:6,2
DA:8,0
DA:10,0
DA:12,0
DA:13,0
DA:15,0
DA:17,0
DA:20,0
DA:21,0
DA:22,0
DA:23,0
DA:24,0
DA:26,0
DA:28,0
DA:31,0
DA:41,0
DA:42,0
DA:43,0
DA:44,0
DA:46,0
DA:48,0
DA:51,0
LF:22
LH:1
end_of_record
SF:lib/views/product_page.dart
DA:12,2
DA:22,1
DA:23,1
DA:31,0
DA:33,0
DA:38,0
DA:39,0
DA:41,0
DA:42,0
DA:43,0
DA:44,0
DA:45,0
DA:46,0
DA:47,0
DA:49,0
DA:52,0
DA:53,0
DA:57,1
DA:59,1
DA:61,1
DA:62,1
DA:65,1
DA:67,1
DA:69,1
DA:70,1
DA:71,1
DA:72,2
DA:76,2
DA:78,1
DA:90,1
DA:91,2
DA:96,1
DA:97,2
DA:107,1
DA:108,1
DA:110,1
DA:111,1
DA:113,1
DA:117,1
DA:118,1
DA:120,0
DA:121,0
DA:123,1
DA:124,2
DA:125,2
DA:126,1
DA:134,1
DA:135,1
DA:137,1
DA:141,1
DA:142,1
DA:144,0
DA:146,0
DA:148,1
DA:149,2
DA:150,2
DA:151,1
DA:160,1
DA:162,1
DA:164,1
DA:168,1
DA:169,1
DA:171,0
DA:173,0
DA:175,3
DA:176,3
DA:177,2
DA:178,1
DA:189,1
DA:191,1
DA:192,1
DA:193,1
DA:207,1
DA:208,2
LF:74
LH:54
end_of_record
SF:lib/views/products_page.dart
DA:7,2
DA:9,0
DA:11,0
DA:13,0
DA:14,0
DA:15,0
DA:16,0
DA:18,0
DA:20,0
DA:21,0
DA:31,0
DA:35,0
DA:90,2
DA:98,1
DA:100,1
DA:101,0
DA:102,0
DA:104,0
DA:105,0
DA:106,0
DA:107,0
DA:108,0
DA:109,0
DA:114,1
DA:116,1
DA:117,1
DA:118,1
DA:119,1
DA:121,1
DA:122,1
DA:123,1
DA:131,1
DA:133,1
DA:135,1
DA:136,1
DA:141,1
DA:142,1
LF:37
LH:18
end_of_record
